Has 'Software\Daisy 5.24 (w64)' registry entry.
Using 'C:\Program Files\Daisy 5.24' as daisy home.
Reseting current directory to 'C:\My data\PhD\My Projects\R-DAISY\Example'
Daisy crop/soil simulation version 5.24. (Mar 14 2016)
Copyright 1996 - 2016 Per Abrahamsen, Søren Hansen and KU.
In directory 'C:\My data\PhD\My Projects\R-DAISY\Example':
Looking for file 'test-optim.dai'
Trying 'C:\My data\PhD\My Projects\R-DAISY\Example\test-optim.dai' (cwd) success!
* Parsing file: 'test-optim.dai'
Changing directory to 'Output' success
** input
*** file
In directory 'C:\My data\PhD\My Projects\R-DAISY\Example\Output':
Looking for file 'crop.dai'
Trying 'C:\My data\PhD\My Projects\R-DAISY\Example\Output\crop.dai' (cwd)
Trying 'C:\Program Files\Daisy 5.24/lib\crop.dai' success!
** Parsing file: 'crop.dai'
*** input
**** file
In directory 'C:\My data\PhD\My Projects\R-DAISY\Example\Output':
Looking for file 'maize.dai'
Trying 'C:\My data\PhD\My Projects\R-DAISY\Example\Output\maize.dai' (cwd)
Trying 'C:\Program Files\Daisy 5.24/lib\maize.dai' success!
*** input
**** file
In directory 'C:\My data\PhD\My Projects\R-DAISY\Example\Output':
Looking for file 'pea.dai'
Trying 'C:\My data\PhD\My Projects\R-DAISY\Example\Output\pea.dai' (cwd)
Trying 'C:\Program Files\Daisy 5.24/lib\pea.dai' success!
*** input
**** file
In directory 'C:\My data\PhD\My Projects\R-DAISY\Example\Output':
Looking for file 'potato.dai'
Trying 'C:\My data\PhD\My Projects\R-DAISY\Example\Output\potato.dai' (cwd)
Trying 'C:\Program Files\Daisy 5.24/lib\potato.dai' success!
*** input
**** file
In directory 'C:\My data\PhD\My Projects\R-DAISY\Example\Output':
Looking for file 'rye.dai'
Trying 'C:\My data\PhD\My Projects\R-DAISY\Example\Output\rye.dai' (cwd)
Trying 'C:\Program Files\Daisy 5.24/lib\rye.dai' success!
*** input
**** file
In directory 'C:\My data\PhD\My Projects\R-DAISY\Example\Output':
Looking for file 'sbarley.dai'
Trying 'C:\My data\PhD\My Projects\R-DAISY\Example\Output\sbarley.dai' (cwd)
Trying 'C:\Program Files\Daisy 5.24/lib\sbarley.dai' success!
*** input
**** file
In directory 'C:\My data\PhD\My Projects\R-DAISY\Example\Output':
Looking for file 'sugarbeet.dai'
Trying 'C:\My data\PhD\My Projects\R-DAISY\Example\Output\sugarbeet.dai' (cwd)
Trying 'C:\Program Files\Daisy 5.24/lib\sugarbeet.dai' success!
*** input
**** file
In directory 'C:\My data\PhD\My Projects\R-DAISY\Example\Output':
Looking for file 'fodderbeet.dai'
Trying 'C:\My data\PhD\My Projects\R-DAISY\Example\Output\fodderbeet.dai' (cwd)
Trying 'C:\Program Files\Daisy 5.24/lib\fodderbeet.dai' success!
*** input
**** file
In directory 'C:\My data\PhD\My Projects\R-DAISY\Example\Output':
Looking for file 'srape.dai'
Trying 'C:\My data\PhD\My Projects\R-DAISY\Example\Output\srape.dai' (cwd)
Trying 'C:\Program Files\Daisy 5.24/lib\srape.dai' success!
*** input
**** file
In directory 'C:\My data\PhD\My Projects\R-DAISY\Example\Output':
Looking for file 'swheat.dai'
Trying 'C:\My data\PhD\My Projects\R-DAISY\Example\Output\swheat.dai' (cwd)
Trying 'C:\Program Files\Daisy 5.24/lib\swheat.dai' success!
*** input
**** file
In directory 'C:\My data\PhD\My Projects\R-DAISY\Example\Output':
Looking for file 'wbarley.dai'
Trying 'C:\My data\PhD\My Projects\R-DAISY\Example\Output\wbarley.dai' (cwd)
Trying 'C:\Program Files\Daisy 5.24/lib\wbarley.dai' success!
*** input
**** file
In directory 'C:\My data\PhD\My Projects\R-DAISY\Example\Output':
Looking for file 'wrape.dai'
Trying 'C:\My data\PhD\My Projects\R-DAISY\Example\Output\wrape.dai' (cwd)
Trying 'C:\Program Files\Daisy 5.24/lib\wrape.dai' success!
*** input
**** file
In directory 'C:\My data\PhD\My Projects\R-DAISY\Example\Output':
Looking for file 'wwheat.dai'
Trying 'C:\My data\PhD\My Projects\R-DAISY\Example\Output\wwheat.dai' (cwd)
Trying 'C:\Program Files\Daisy 5.24/lib\wwheat.dai' success!
*** input
**** file
In directory 'C:\My data\PhD\My Projects\R-DAISY\Example\Output':
Looking for file 'grass.dai'
Trying 'C:\My data\PhD\My Projects\R-DAISY\Example\Output\grass.dai' (cwd)
Trying 'C:\Program Files\Daisy 5.24/lib\grass.dai' success!
*** input
**** file
In directory 'C:\My data\PhD\My Projects\R-DAISY\Example\Output':
Looking for file 'ryegrass.dai'
Trying 'C:\My data\PhD\My Projects\R-DAISY\Example\Output\ryegrass.dai' (cwd)
Trying 'C:\Program Files\Daisy 5.24/lib\ryegrass.dai' success!
*** input
**** file
In directory 'C:\My data\PhD\My Projects\R-DAISY\Example\Output':
Looking for file 'wclover.dai'
Trying 'C:\My data\PhD\My Projects\R-DAISY\Example\Output\wclover.dai' (cwd)
Trying 'C:\Program Files\Daisy 5.24/lib\wclover.dai' success!
*** input
**** file
In directory 'C:\My data\PhD\My Projects\R-DAISY\Example\Output':
Looking for file 'beetroot.dai'
Trying 'C:\My data\PhD\My Projects\R-DAISY\Example\Output\beetroot.dai' (cwd)
Trying 'C:\Program Files\Daisy 5.24/lib\beetroot.dai' success!
*** input
**** file
In directory 'C:\My data\PhD\My Projects\R-DAISY\Example\Output':
Looking for file 'broccoli.dai'
Trying 'C:\My data\PhD\My Projects\R-DAISY\Example\Output\broccoli.dai' (cwd)
Trying 'C:\Program Files\Daisy 5.24/lib\broccoli.dai' success!
*** input
**** file
In directory 'C:\My data\PhD\My Projects\R-DAISY\Example\Output':
Looking for file 'brusselssprouts.dai'
Trying 'C:\My data\PhD\My Projects\R-DAISY\Example\Output\brusselssprouts.dai' (cwd)
Trying 'C:\Program Files\Daisy 5.24/lib\brusselssprouts.dai' success!
*** input
**** file
In directory 'C:\My data\PhD\My Projects\R-DAISY\Example\Output':
Looking for file 'celeriac.dai'
Trying 'C:\My data\PhD\My Projects\R-DAISY\Example\Output\celeriac.dai' (cwd)
Trying 'C:\Program Files\Daisy 5.24/lib\celeriac.dai' success!
*** input
**** file
In directory 'C:\My data\PhD\My Projects\R-DAISY\Example\Output':
Looking for file 'earlypotato.dai'
Trying 'C:\My data\PhD\My Projects\R-DAISY\Example\Output\earlypotato.dai' (cwd)
Trying 'C:\Program Files\Daisy 5.24/lib\earlypotato.dai' success!
*** input
**** file
In directory 'C:\My data\PhD\My Projects\R-DAISY\Example\Output':
Looking for file 'whitecabbage.dai'
Trying 'C:\My data\PhD\My Projects\R-DAISY\Example\Output\whitecabbage.dai' (cwd)
Trying 'C:\Program Files\Daisy 5.24/lib\whitecabbage.dai' success!
*** input
**** file
In directory 'C:\My data\PhD\My Projects\R-DAISY\Example\Output':
Looking for file 'earlywhitecabbage.dai'
Trying 'C:\My data\PhD\My Projects\R-DAISY\Example\Output\earlywhitecabbage.dai' (cwd)
Trying 'C:\Program Files\Daisy 5.24/lib\earlywhitecabbage.dai' success!
*** input
**** file
In directory 'C:\My data\PhD\My Projects\R-DAISY\Example\Output':
Looking for file 'onion.dai'
Trying 'C:\My data\PhD\My Projects\R-DAISY\Example\Output\onion.dai' (cwd)
Trying 'C:\Program Files\Daisy 5.24/lib\onion.dai' success!
*** input
**** file
In directory 'C:\My data\PhD\My Projects\R-DAISY\Example\Output':
Looking for file 'onion_plantingofsets.dai'
Trying 'C:\My data\PhD\My Projects\R-DAISY\Example\Output\onion_plantingofsets.dai' (cwd)
Trying 'C:\Program Files\Daisy 5.24/lib\onion_plantingofsets.dai' success!
** input
*** file
In directory 'C:\My data\PhD\My Projects\R-DAISY\Example\Output':
Looking for file 'tillage.dai'
Trying 'C:\My data\PhD\My Projects\R-DAISY\Example\Output\tillage.dai' (cwd)
Trying 'C:\Program Files\Daisy 5.24/lib\tillage.dai' success!
** input
*** file
In directory 'C:\My data\PhD\My Projects\R-DAISY\Example\Output':
Looking for file 'chemistry.dai'
Trying 'C:\My data\PhD\My Projects\R-DAISY\Example\Output\chemistry.dai' (cwd)
Trying 'C:\Program Files\Daisy 5.24/lib\chemistry.dai' success!
** Parsing file: 'chemistry.dai'
*** input
**** file
In directory 'C:\My data\PhD\My Projects\R-DAISY\Example\Output':
Looking for file 'chemistry-base.dai'
Trying 'C:\My data\PhD\My Projects\R-DAISY\Example\Output\chemistry-base.dai' (cwd)
Trying 'C:\Program Files\Daisy 5.24/lib\chemistry-base.dai' success!
** input
*** file
In directory 'C:\My data\PhD\My Projects\R-DAISY\Example\Output':
Looking for file 'vegetation.dai'
Trying 'C:\My data\PhD\My Projects\R-DAISY\Example\Output\vegetation.dai' (cwd)
Trying 'C:\Program Files\Daisy 5.24/lib\vegetation.dai' success!
** input
*** file
In directory 'C:\My data\PhD\My Projects\R-DAISY\Example\Output':
Looking for file 'dk-horizon.dai'
Trying 'C:\My data\PhD\My Projects\R-DAISY\Example\Output\dk-horizon.dai' (cwd)
Trying 'C:\Program Files\Daisy 5.24/lib\dk-horizon.dai' success!
** input
*** file
In directory 'C:\My data\PhD\My Projects\R-DAISY\Example\Output':
Looking for file 'dk-soil.dai'
Trying 'C:\My data\PhD\My Projects\R-DAISY\Example\Output\dk-soil.dai' (cwd)
Trying 'C:\Program Files\Daisy 5.24/lib\dk-soil.dai'
Trying 'C:\Program Files\Daisy 5.24/sample\dk-soil.dai' success!
** input
*** file
In directory 'C:\My data\PhD\My Projects\R-DAISY\Example\Output':
Looking for file 'dk-crop.dai'
Trying 'C:\My data\PhD\My Projects\R-DAISY\Example\Output\dk-crop.dai' (cwd)
Trying 'C:\Program Files\Daisy 5.24/lib\dk-crop.dai' success!
** Parsing file: 'dk-crop.dai'
*** input
**** file
In directory 'C:\My data\PhD\My Projects\R-DAISY\Example\Output':
Looking for file 'dk-rye.dai'
Trying 'C:\My data\PhD\My Projects\R-DAISY\Example\Output\dk-rye.dai' (cwd)
Trying 'C:\Program Files\Daisy 5.24/lib\dk-rye.dai' success!
*** input
**** file
In directory 'C:\My data\PhD\My Projects\R-DAISY\Example\Output':
Looking for file 'dk-sbarley.dai'
Trying 'C:\My data\PhD\My Projects\R-DAISY\Example\Output\dk-sbarley.dai' (cwd)
Trying 'C:\Program Files\Daisy 5.24/lib\dk-sbarley.dai' success!
*** input
**** file
In directory 'C:\My data\PhD\My Projects\R-DAISY\Example\Output':
Looking for file 'dk-wbarley.dai'
Trying 'C:\My data\PhD\My Projects\R-DAISY\Example\Output\dk-wbarley.dai' (cwd)
Trying 'C:\Program Files\Daisy 5.24/lib\dk-wbarley.dai' success!
*** input
**** file
In directory 'C:\My data\PhD\My Projects\R-DAISY\Example\Output':
Looking for file 'dk-wwheat.dai'
Trying 'C:\My data\PhD\My Projects\R-DAISY\Example\Output\dk-wwheat.dai' (cwd)
Trying 'C:\Program Files\Daisy 5.24/lib\dk-wwheat.dai' success!
*** input
**** file
In directory 'C:\My data\PhD\My Projects\R-DAISY\Example\Output':
Looking for file 'dk-grass.dai'
Trying 'C:\My data\PhD\My Projects\R-DAISY\Example\Output\dk-grass.dai' (cwd)
Trying 'C:\Program Files\Daisy 5.24/lib\dk-grass.dai' success!
*** input
**** file
In directory 'C:\My data\PhD\My Projects\R-DAISY\Example\Output':
Looking for file 'dk-maize.dai'
Trying 'C:\My data\PhD\My Projects\R-DAISY\Example\Output\dk-maize.dai' (cwd)
Trying 'C:\Program Files\Daisy 5.24/lib\dk-maize.dai' success!
*** input
**** file
In directory 'C:\My data\PhD\My Projects\R-DAISY\Example\Output':
Looking for file 'dk-pea.dai'
Trying 'C:\My data\PhD\My Projects\R-DAISY\Example\Output\dk-pea.dai' (cwd)
Trying 'C:\Program Files\Daisy 5.24/lib\dk-pea.dai' success!
*** input
**** file
In directory 'C:\My data\PhD\My Projects\R-DAISY\Example\Output':
Looking for file 'dk-wrape.dai'
Trying 'C:\My data\PhD\My Projects\R-DAISY\Example\Output\dk-wrape.dai' (cwd)
Trying 'C:\Program Files\Daisy 5.24/lib\dk-wrape.dai' success!
** input
*** file
In directory 'C:\My data\PhD\My Projects\R-DAISY\Example\Output':
Looking for file 'dk-fertilizer.dai'
Trying 'C:\My data\PhD\My Projects\R-DAISY\Example\Output\dk-fertilizer.dai' (cwd)
Trying 'C:\Program Files\Daisy 5.24/lib\dk-fertilizer.dai' success!
** Parsing file: 'dk-fertilizer.dai'
*** input
**** file
In directory 'C:\My data\PhD\My Projects\R-DAISY\Example\Output':
Looking for file 'fertilizer.dai'
Trying 'C:\My data\PhD\My Projects\R-DAISY\Example\Output\fertilizer.dai' (cwd)
Trying 'C:\Program Files\Daisy 5.24/lib\fertilizer.dai' success!
** input
*** file
In directory 'C:\My data\PhD\My Projects\R-DAISY\Example\Output':
Looking for file 'log.dai'
Trying 'C:\My data\PhD\My Projects\R-DAISY\Example\Output\log.dai' (cwd)
Trying 'C:\Program Files\Daisy 5.24/lib\log.dai' success!
** Parsing file: 'log.dai'
*** input
**** file
In directory 'C:\My data\PhD\My Projects\R-DAISY\Example\Output':
Looking for file 'log-std.dai'
Trying 'C:\My data\PhD\My Projects\R-DAISY\Example\Output\log-std.dai' (cwd)
Trying 'C:\Program Files\Daisy 5.24/lib\log-std.dai' success!
** input
*** file
In directory 'C:\My data\PhD\My Projects\R-DAISY\Example\Output':
Looking for file 'dk-management.dai'
Trying 'C:\My data\PhD\My Projects\R-DAISY\Example\Output\dk-management.dai' (cwd)
Trying 'C:\Program Files\Daisy 5.24/lib\dk-management.dai'
Trying 'C:\Program Files\Daisy 5.24/sample\dk-management.dai' success!
Command line: C:\PROGRA~1\DAISY5~1.24\bin\daisy.exe test-optim.dai
Storing 'daisy.log' in 'C:\My data\PhD\My Projects\R-DAISY\Example\Output'
* weather: default weather_initialize
** source_initialize
In directory 'C:\My data\PhD\My Projects\R-DAISY\Example\Output':
Looking for file 'dk-taastrup.dwf'
Trying 'C:\My data\PhD\My Projects\R-DAISY\Example\Output\dk-taastrup.dwf' (cwd)
Trying 'C:\Program Files\Daisy 5.24/lib\dk-taastrup.dwf'
Trying 'C:\Program Files\Daisy 5.24/sample\dk-taastrup.dwf' success!
* column: Andeby initialize
** Soil
*** Horizons
**** horizon: Ap initialize_base
(CEC 8.74733 [cmolc/kg]) ; Estimated from clay and humus.
***** hydraulic: hypres initialize
;; clay = 8.4875, silt = 10.3165, sand = 80.076, humus = 1.12, rho_b = 1.5 (topsoil) 
M_vG
(l -1.43148)
;; (m 0.27304)
(n 1.37559)
(alpha 0.0678943 [cm^-1])
(K_sat 4.5328 [cm/h])
(Theta_sat 0.387921)
Quartz = 0.638099 []
h	h	Theta	K
cm	pF		cm/h
0		0.387921	4.5328
-1	0	0.38541	1.86449
-10	1	0.343144	0.307036
-100	2	0.190616	0.0045796
-1000	3	0.0874504	2.97061e-005
-15848.9	4.2	0.0374577	6.57266e-008
**** horizon: C initialize_base
(CEC 5.84733 [cmolc/kg]) ; Estimated from clay and humus.
***** hydraulic: hypres initialize
;; clay = 8.57334, silt = 10.4209, sand = 80.8858, humus = 0.12, rho_b = 1.5 (subsoil)
M_vG
(l 0.768573)
;; (m 0.273342)
(n 1.37616)
(alpha 0.0851974 [cm^-1])
(K_sat 1.42941 [cm/h])
(Theta_sat 0.392103)
Quartz = 0.644552 []
h	h	Theta	K
cm	pF		cm/h
0		0.392103	1.42941
-1	0	0.388653	0.524045
-10	1	0.335283	0.0497604
-100	2	0.178315	0.000146463
-1000	3	0.0817404	1.43181e-007
-15848.9	4.2	0.0353877	3.21773e-011
*** Geometry
(zplus -2.5 -5 -10 -20 -30 -40 -50 -60 -70 -80 -90 -100 -110 -120 -130 -140 -150 -160 -170 -180 -190 -200 -210 -220 -230 -240 -250); 27 cells.
** bioclimate: default initialize
Pet choosen: weather
Difrad choosen: DPF
** tertiary: old initialize
Adding macropores to -150 cm
Program started Wed Dec 14 12:18:11 2016, 1 second ago.
* Running
** 1986-12-01T01:00:00
Begin simulation
Start logging
** 1987-02-01T00:00:00
End simulation
Program finished after 1 second.
